State	Model	DGPost	GDagSlide	Kdiss	RateBind	barrierPos	kCat	V1	V2	V3	V4	V5	V6	V7	V8	V9	V10	V11	V12	V13	V14	logPrior	chiSquared	
0	12	-4.3577062677	4.5127288331	7.3488865855	0.4430883607	3.3997178169	27.8488875853	12.9887350664	15.0214225476	16.3716456469	17.7935545519	21.6472484698	22.7857563022	23.7559477396	24.4680971801	25.1794900364	12.239667465	12.8885983607	13.369688644	13.6937301602	13.8452141852	-14.083421	0.68856	
100000	12	-4.0170449744	4.6088433521	0.8131083997	0.4137754243	2.9406481894	28.7534055284	13.454313	15.295893	16.480795	17.803708	21.284015	22.786463	23.824793	24.706293	25.331335	12.092023	12.824768	13.475699	13.700972	14.105381	-14.039458	0.698263	
200000	12	-3.7230900076	4.5065957146	2.221229943	0.3990126157	3.3398565923	28.1296672127	13.041144	14.874615	16.394109	17.704017	21.626661	23.031022	23.994671	24.444811	25.204549	11.583727	12.329952	12.947843	13.344372	13.616367	-13.165248	0.689662	
300000	12	-3.8514375337	4.5514612343	6.321301944	0.4212148767	3.0896525002	28.419561532	13.276574	15.209181	16.518945	17.815716	21.540021	22.838014	23.841859	24.243203	25.239193	11.787723	12.388702	12.995377	13.276707	13.744003	-13.154822	0.701675	
400000	12	-4.3783817177	4.4795554452	1.6192597128	0.4132850272	3.34770835	27.8501409893	13.267772	15.291396	16.551788	17.8648	21.68186	22.927456	23.95417	24.466397	25.05718	12.406795	12.982037	13.396192	13.780719	14.023097	-14.433511	0.661179	
500000	12	-4.9636319224	4.6754737157	0.1256541817	0.3662109348	2.9934719908	29.2575320075	13.146627	15.056953	16.286709	17.588805	21.458914	22.817605	23.754583	24.80791	25.553338	12.088087	12.690638	13.04913	13.307829	13.702428	-17.511689	0.663953	
600000	12	-5.2266683164	4.6244379738	29.0074537402	0.5773476956	3.0692110611	29.2439400566	13.421842	15.226661	16.568812	17.846481	21.692346	23.176917	24.201017	24.998547	25.800979	12.352117	12.811713	13.168857	13.494103	13.717899	-16.147736	0.647546	
700000	12	-5.6455153176	4.6586132144	20.5337720888	0.47072986	2.971661569	28.7248597071	13.327474	15.009889	16.42129	17.441818	21.222945	22.627834	23.569029	24.475616	25.092614	12.127793	12.414047	12.842047	13.059913	13.37856	-16.84969	0.701513	
800000	12	-4.4222974342	4.6761595663	21.5433313713	0.5421949534	3.0171368128	29.3845082719	12.981943	14.9863	16.264567	17.625334	21.477616	23.095779	24.152835	24.935655	25.936657	12.244699	12.78975	13.292328	13.680698	13.987717	-14.330035	0.698629	
900000	12	-4.9219499995	4.6746978063	3.0373226875	0.3822329814	3.0903067905	29.7171715654	12.96388	14.920297	16.30761	17.828794	21.823646	23.256793	24.379649	25.03233	26.08884	12.210391	12.771581	13.225583	13.552262	13.778706	-15.046257	0.694271	
1000000	12	-4.3850956288	4.6600911121	0.6896153963	0.3931497601	2.982188913	29.2751943676	13.266207	15.068342	16.460661	17.686478	21.571026	22.878177	24.099087	24.872761	25.634611	12.161897	12.872269	13.355027	13.69019	13.989012	-14.732576	0.689142	
1100000	12	-3.7418948767	4.5693246727	13.7020918919	0.503659601	3.0588643799	28.1393268014	13.303967	14.984837	16.351225	17.506201	21.259242	22.670619	23.597954	24.229066	24.957108	11.766636	12.485939	13.096857	13.48629	13.906264	-13.114888	0.683383	
1200000	12	-3.5205072814	4.5806733185	2.8576140454	0.4528475922	3.1800790365	28.2484863248	13.023267	14.782636	16.066818	17.505074	21.549011	22.824456	23.672343	24.500522	25.350931	11.918697	12.74358	13.446811	13.868649	14.232465	-12.740867	0.692567	
1300000	12	-4.8294339214	4.6143479978	0.7140796354	0.3944358827	3.0688639372	28.4778525854	13.331374	15.161165	16.482012	17.61316	21.426611	22.703049	23.652991	24.303085	25.150986	12.350331	12.91067	13.277368	13.639634	13.951773	-15.609979	0.665819	
1400000	12	-4.3561275095	4.6943303984	3.4584293093	0.3957333894	2.9684372427	29.3877112212	12.998521	14.754256	16.204066	17.412642	21.448704	22.745873	24.027065	24.802814	25.465425	12.021394	12.644642	13.090099	13.465486	13.774874	-13.918587	0.682262	
1500000	12	-4.1078055488	4.5745012996	0.8279942128	0.3869226394	3.0972605154	29.0086048626	13.311367	15.330623	16.665065	17.963087	21.71608	23.109323	24.242151	24.751424	25.672801	12.005547	12.609898	13.223886	13.47266	13.764938	-14.196274	0.703909	
1600000	12	-4.2797946134	4.5969013198	9.0246545691	0.423391804	3.091127986	29.3869853614	13.386102	15.326083	16.577901	17.847388	21.783392	23.203818	24.550056	25.118555	25.832818	12.033462	12.56628	13.169729	13.49727	13.714138	-13.847945	0.69885	
1700000	12	-4.6211458796	4.5301933114	0.6323041133	0.3689165294	3.3361325928	28.3173151915	13.197195	15.194213	16.531074	17.748229	21.817883	22.877392	23.943164	24.358511	25.23708	12.01504	12.580631	12.930776	13.355209	13.480842	-15.358646	0.66502	
1800000	12	-5.6210926515	4.7840031961	12.6451866704	0.4360643798	2.8757922638	30.0960056803	13.007179	14.804914	16.176198	17.422743	21.453405	22.957548	24.075256	25.019368	26.040102	12.29918	12.885595	13.307155	13.670299	13.765307	-16.511171	0.698711	
1900000	12	-4.8091607141	4.6323929288	1.6619535466	0.4025645606	3.0596986527	28.8025294721	13.309712	15.145706	16.347646	17.7082	21.515381	22.789511	24.1607	24.729992	25.6078	12.46638	13.037098	13.44792	13.779524	13.959843	-15.075483	0.672508	
2000000	12	-4.8786917379	4.6812530841	17.0329258517	0.4482473949	2.7970943189	29.4537829107	13.597366	15.342133	16.589178	17.800715	21.401432	22.759434	23.943779	24.62729	25.128368	11.873566	12.47174	12.926985	13.198336	13.351786	-15.064756	0.680285	
2100000	12	-4.9194398606	4.5937973465	13.5788814022	0.4681128221	3.2760023658	28.7541672629	13.081052	14.95871	16.442942	17.782396	21.839704	23.004027	24.209821	24.920777	25.689172	12.376358	12.965157	13.390404	13.646787	13.959231	-15.18212	0.694702	
2200000	11	-4.8959478554	4.7985180661	83.1426956254	0.7416938522	2.6078955372	30.6561742305	13.621437	15.218023	16.354597	17.513293	21.423414	22.715131	24.132022	24.929155	25.978554	12.110078	12.601726	13.180202	13.516604	13.813723	-16.100032	0.703856	
2300000	11	-4.0168643797	4.6433657899	76.1826657206	0.0030769804	2.9676260885	29.0598898394	13.165332	14.946148	16.130285	17.711441	21.462732	22.821396	23.95322	24.776077	25.534611	11.782931	12.390555	13.031593	13.40727	13.783235	-17.905088	0.680822	
2400000	11	-4.8997505132	4.5638531829	74.1425985922	2.600061773	3.2352337772	28.4411381724	13.092303	15.207929	16.4666	17.810117	21.816038	22.911395	24.006641	24.723076	25.091147	12.466173	12.844916	13.310074	13.768685	13.85359	-17.145879	0.681612	
2500000	11	-4.9470318804	4.5831163889	78.1380977483	0.357428848	3.1335609666	28.2636302231	13.279552	15.103487	16.458178	17.716358	21.422191	22.583615	23.817487	24.359766	24.935988	11.982341	12.57814	13.00743	13.135316	13.395495	-16.113559	0.676825	
2600000	12	-5.3728962899	4.6598878346	64.8602671875	2.3574450297	3.0175316488	29.544978074	13.448518	15.13288	16.593144	17.831242	21.825317	23.141049	24.23505	25.006372	25.74086	12.600968	13.100172	13.423607	13.822666	13.928182	-17.8602	0.679877	
2700000	11	-3.9701034955	4.5947583364	72.9497661537	0.0604612635	3.009079271	28.856904131	13.434488	15.216409	16.470456	17.857082	21.617179	22.799415	23.970892	24.83573	25.572559	12.04159	12.65991	13.235782	13.534094	13.951865	-14.524829	0.697858	
2800000	11	-4.6251361499	4.6834575224	79.7434737717	0.3646300921	3.0508415502	29.186982616	13.003045	14.884753	16.257536	17.641157	21.392995	22.850033	24.151637	24.751909	25.620565	12.033901	12.506336	12.975793	13.353605	13.628845	-15.391226	0.692521	
2900000	12	-3.5692427967	4.4419073275	37.8193274042	0.8746129634	3.394251787	27.8878076604	13.142751	15.140501	16.509262	17.812716	21.677853	22.92212	23.825275	24.28955	25.071245	11.552714	12.511195	12.952788	13.483144	13.701724	-13.648005	0.703105	
3000000	12	-5.2115982073	4.5127557315	43.9859051886	0.9353394336	3.2980731184	27.8475323569	13.343937	15.186509	16.772183	17.874486	21.491146	22.732045	23.745241	24.347208	24.882482	12.342441	12.742442	13.22098	13.467234	13.659486	-16.700883	0.704672	
3100000	12	-3.725215382	4.4804448175	14.1552319188	0.4938416287	3.3970488311	27.8603122258	12.926969	15.053977	16.256411	17.871308	21.520647	22.830714	23.933275	24.346692	24.890189	11.632865	12.475581	12.903394	13.498392	13.691827	-13.186592	0.698799	
3200000	12	-4.5276210364	4.6132644617	3.0445626336	0.4164173029	3.1838092207	28.4296288357	12.936114	14.902045	16.345074	17.589642	21.42388	22.853339	23.96442	24.388006	25.373633	12.319909	12.907487	13.479384	13.71218	14.026578	-14.356692	0.692421	
3300000	12	-3.9324013233	4.584753976	6.6504281758	0.4250559569	3.1993311577	28.7536726614	13.054645	15.030761	16.387486	17.808604	21.63226	23.009394	24.140861	24.780586	25.537099	11.843029	12.523883	13.084518	13.410951	13.824496	-13.252295	0.690883	
3400000	12	-4.7056531819	4.6363681185	4.0325352689	0.3782405671	3.1739830895	29.0027815956	12.888471	14.91366	16.314087	17.520846	21.438738	22.98582	24.12442	24.61577	25.673745	11.916794	12.476464	12.887972	13.169131	13.44227	-14.59633	0.703304	
3500000	12	-4.578226999	4.6311153749	3.134839841	0.3917085349	3.2277210993	28.8287750571	12.811534	14.761035	16.137716	17.428234	21.460435	22.946477	24.076068	24.815179	25.454213	12.090738	12.766285	13.204367	13.485786	13.749738	-14.410773	0.654937	
3600000	12	-4.5232203945	4.6514573649	17.9919458256	0.4910002901	2.7382444202	29.4843705754	13.844993	15.52224	16.701022	17.894142	21.528893	22.87957	24.106858	24.820674	25.63203	12.050613	12.676939	13.263989	13.494291	13.744176	-14.44024	0.703143	
3700000	12	-3.8736977555	4.4607963791	52.7686842751	1.4692080754	3.3801974331	27.9425682366	13.147254	15.170804	16.514807	17.807779	21.866326	22.917762	23.779478	24.501774	25.160797	11.794079	12.522239	12.946395	13.373438	13.752093	-14.642811	0.695973	
3800000	11	-5.1186384078	4.6486046774	80.2002234291	0.1308153432	2.9822529692	28.9687138316	13.33596	15.086674	16.618029	17.71769	21.408021	22.767917	23.906345	24.72894	25.39199	12.095439	12.674079	12.947359	13.184751	13.532254	-16.438917	0.690033	
3900000	11	-4.369078032	4.5733000624	72.6051770316	0.64602285	3.161256982	28.446570121	13.281368	15.112377	16.560658	17.854111	21.604322	22.772073	23.763928	24.543794	25.211843	12.178224	12.831373	13.214607	13.673431	13.936574	-15.122232	0.692247	
4000000	11	-4.3141537485	4.5376512809	70.7608457976	0.0027011266	3.2089157678	28.1394710721	13.166021	15.19615	16.577684	17.73138	21.606061	22.745783	23.835302	24.391697	25.092181	12.317654	12.865169	13.455508	13.609168	13.932376	-18.699449	0.703686	
4100000	12	-3.9206852086	4.5684307359	56.5531671891	1.8823561928	3.1082106286	28.3460787092	13.284184	14.96504	16.370682	17.70523	21.291902	22.70202	23.698206	24.502702	25.215848	11.880389	12.55848	13.150571	13.473598	13.906805	-14.847494	0.685834	
4200000	12	-4.0869601757	4.7540199974	53.0827201828	1.5114932412	2.69333097	29.7601582662	13.242852	14.944782	16.222826	17.405315	21.292134	22.778751	24.083211	24.697223	25.646571	12.212054	12.785795	13.392595	13.979209	14.152422	-14.726562	0.704962	
4300000	12	-4.5241691796	4.545955233	60.2118542404	1.5630410518	3.261643458	28.6475736443	13.140896	15.218338	16.448795	17.946212	21.679715	22.890765	24.25379	24.698842	25.46396	11.938647	12.498575	12.942528	13.199659	13.623922	-15.821553	0.700063	
4400000	11	-4.8547149548	4.5194012231	76.1932421175	0.0931653965	3.3742842927	28.6280163023	13.326229	15.237988	16.660316	18.12473	21.916648	23.334699	24.421648	25.27276	25.758768	12.389229	12.860139	13.204493	13.511356	13.692723	-16.073935	0.693983	
4500000	11	-4.618526594	4.5663343702	70.9591357695	0.3188457152	3.1566204817	28.1379476725	13.344677	14.938918	16.453543	17.827084	21.412794	22.68552	23.747098	24.312696	25.28574	12.469232	12.98283	13.454238	13.722605	13.942623	-15.382279	0.678582	
4600000	11	-5.9879960654	4.7328779696	80.1698240748	1.4986074173	2.9904338256	29.7138129464	13.000393	14.893476	16.268639	17.673896	21.57302	22.984538	24.339783	24.991848	25.84441	12.358606	12.969615	13.401867	13.581943	13.910817	-19.033322	0.684789	
4700000	11	-4.9323803527	4.6340399319	72.5681743479	0.326327006	3.0329290443	28.6655612186	13.26147	15.121886	16.543416	17.649403	21.554723	22.851228	23.871542	24.628772	25.407028	12.541044	13.027333	13.547654	13.726719	14.054892	-15.956506	0.702635	
4800000	11	-4.9613324051	4.5432072535	72.2778909924	0.2671109602	3.248068114	28.0244399997	13.194786	15.137387	16.597594	17.817313	21.460613	22.696169	23.766197	24.475602	25.097272	12.493512	12.937874	13.287309	13.55918	13.744251	-16.085989	0.703196	
4900000	11	-4.3117880852	4.6945797795	69.9104168074	0.2618078156	2.7877180129	28.8831483444	13.434555	15.111328	16.396862	17.522771	21.238161	22.587194	23.696322	24.486509	25.199296	12.319332	12.976275	13.403243	13.756288	14.202023	-14.654119	0.696169	
5000000	11	-4.3954538889	4.7663052277	76.1075646633	0.1252444261	2.7192818184	29.4985289525	13.19911	14.907578	16.055763	17.213072	21.022294	22.479588	23.638503	24.483557	25.302741	12.06089	12.597772	13.018744	13.607529	13.880464	-14.870942	0.704329	
5100000	12	-4.2344189033	4.5387988246	14.0487657077	0.4684217367	3.3497786866	28.4192749946	12.964154	14.870734	16.411063	17.608658	21.74991	22.952067	23.992146	24.849567	25.254145	12.027555	12.564969	13.148567	13.466019	13.776518	-13.943879	0.688035	
5200000	12	-4.6970668241	4.5303647672	5.6828165644	0.4213840803	3.315864806	27.675538998	13.1172	15.051273	16.472417	17.50494	21.308417	22.616695	23.497344	24.19866	24.796668	12.252798	12.841003	13.2313	13.543494	13.688466	-14.691956	0.690209	
5300000	12	-4.0906077178	4.6290464702	1.8418452732	0.4152054088	2.965683744	29.049889817	13.465124	15.11289	16.498854	17.845234	21.667416	22.993493	23.950126	24.713109	25.685411	12.186125	12.841634	13.410993	13.839052	14.144245	-13.710366	0.685155	
5400000	12	-4.1616485115	4.6471414039	8.0252036037	0.4432188154	2.9671890985	28.7279900129	13.212081	14.9452	16.288416	17.618046	21.29635	22.616591	23.75859	24.65203	25.303849	12.009484	12.680204	13.252079	13.589381	13.835833	-13.599897	0.691517	
5500000	12	-4.8014106125	4.5288561353	3.2732536188	0.4124614896	3.2580964278	27.7821440766	13.216419	15.106199	16.535413	17.711669	21.516664	22.656057	23.537306	24.119587	24.787753	12.527299	12.924836	13.31362	13.607397	13.868423	-14.960948	0.690984	
5600000	12	-4.6812350296	4.5780519093	0.4495949391	0.3980495079	3.1415436403	28.1932107284	13.195549	15.165337	16.456497	17.696293	21.535892	22.7703	23.612765	24.436552	25.246837	12.451546	12.886893	13.375006	13.65394	13.963353	-15.716235	0.692758	
5700000	12	-4.5320505763	4.5026250287	3.2569454924	0.4016868305	3.2153886636	27.6831958566	13.504709	15.281954	16.721472	17.834445	21.478536	22.593769	23.760482	24.119342	24.683145	12.150071	12.626185	13.065905	13.383076	13.658203	-14.46128	0.699752	
5800000	12	-4.1798477682	4.6032596034	28.096551221	0.5830416871	3.2644223584	28.7861767636	12.827834	14.735535	16.211255	17.733626	21.675662	23.05911	24.298362	24.812571	25.439067	11.839716	12.383205	12.939525	13.279704	13.58293	-14.110551	0.693971	
5900000	12	-5.6091495162	4.5576053523	9.364060554	0.4304524752	3.0499741001	28.4869858245	13.77007	15.564174	16.876373	18.0808	21.654974	22.89545	23.874901	24.444099	25.249703	12.4564	12.917746	13.249156	13.482314	13.857919	-16.63911	0.703391	
6000000	12	-3.8452114753	4.6111728051	39.0774300731	0.8324083948	2.9647004536	28.9768871207	13.350642	15.203183	16.354132	17.66507	21.583436	22.70967	23.938363	24.446591	25.491217	11.822714	12.485023	13.170006	13.624339	13.883129	-13.879524	0.704881	
6100000	12	-5.1527593552	4.6106641889	54.2143575065	1.063399548	3.23618066	29.2241689951	13.020021	15.081759	16.40809	17.727285	21.760536	23.232498	24.294313	25.046899	25.755239	12.126855	12.641065	13.070306	13.325186	13.540001	-16.675942	0.664121	
6200000	11	-4.2872497214	4.5837738082	79.5856916942	2.517434195	3.1017747914	28.3230867655	13.253551	14.858686	14.730455	17.576756	21.173089	22.718291	23.563495	24.198669	24.976308	11.603242	12.082053	12.665389	13.035144	13.296227	-15.982151	0.586543	
6300000	11	-4.4770153087	4.6612775364	75.4437766394	0.4002533554	3.088368189	29.3079119128	13.10133	14.88485	16.327308	17.700103	21.686685	23.178396	24.475631	25.009332	26.080574	12.307283	12.804244	13.376898	13.774443	13.928927	-15.10433	0.700784	
6400000	11	-4.8642881685	4.7043837251	75.9875906274	0.0131151584	2.8460832209	29.3019736882	13.324293	15.038516	16.285778	17.74582	21.520277	22.753969	24.059571	24.724651	25.518714	12.274259	12.892156	13.251042	13.561941	13.996268	-17.358812	0.638416	
6500000	11	-4.8193153693	4.5518185029	76.4119809309	0.0499688509	3.3645707598	28.5020140491	12.968467	15.120411	16.380811	17.790566	21.772469	22.946277	23.907817	24.727657	25.467026	12.248469	12.719351	13.151985	13.367846	13.708238	-16.267357	0.679564	
6600000	12	-4.7648436047	4.701143597	62.9561491361	2.3363138978	2.9405513974	29.6822842196	13.168165	14.957483	16.22133	17.787779	21.619024	23.043372	24.234235	25.136252	25.739034	12.535428	13.028035	13.473615	13.752894	14.154201	-16.509865	0.677158	
6700000	12	-4.2908932651	4.5255339319	46.8978557011	1.1791936608	3.3306677018	28.0861751934	12.907542	15.02204	16.447247	17.834628	21.722818	23.052443	23.92955	24.605208	25.154492	12.355986	12.881505	13.273722	13.591376	13.879787	-15.047085	0.660556	
6800000	12	-4.4420069443	4.6221157143	39.723205414	0.9073892159	2.9456129024	27.9846962241	13.424027	15.059478	16.344563	17.525196	21.053056	22.344514	23.466127	23.970099	24.780856	12.12324	12.804746	13.177995	13.551217	13.808326	-14.965428	0.699807	
6900000	12	-4.6128233812	4.6905882472	45.1246221608	0.9323018246	2.9625283259	29.3089964594	13.098786	14.799749	16.287395	17.497951	21.536589	22.830417	23.946575	24.767201	25.638124	12.109375	12.698522	13.219502	13.626438	13.905874	-15.305957	0.686212	
7000000	12	-4.3743423347	4.5580930936	30.3070480342	0.6760664119	3.2015077381	28.709130243	13.53516	15.254884	16.709071	17.780892	21.780661	23.193898	24.238514	24.777213	25.709434	12.343438	12.988837	13.336186	13.738898	14.025665	-14.599828	0.660301	
7100000	12	-4.2348679473	4.6220977198	36.4876303708	0.7367164159	3.1364391269	28.7216566219	12.925985	14.931512	16.24579	17.472138	21.423312	22.758516	23.815812	24.582029	25.34986	11.961166	12.516513	13.135042	13.328394	13.741073	-14.426465	0.703555	
7200000	12	-4.171135092	4.5374046746	47.0317827662	1.2317183651	3.0104780399	27.8479848869	13.569875	15.284548	16.649352	17.820006	21.395128	22.658598	23.543559	24.138417	24.746823	12.168173	12.689287	13.199324	13.574696	13.792177	-14.858065	0.685256	
7300000	12	-3.6774844166	4.5398096762	20.127400801	0.5509799778	3.1427077717	28.3924443373	13.149895	14.993295	16.393053	17.645583	21.546925	22.838549	23.910007	24.521501	25.114949	11.70759	12.427405	13.032247	13.487287	13.848341	-13.192427	0.691318	
7400000	12	-4.130936689	4.6412541785	4.9244601009	0.4256166574	2.9410522836	28.7788200726	13.293108	14.990939	16.456512	17.516852	21.512664	22.709882	23.756084	24.660911	25.233003	12.016623	12.672807	13.141323	13.583169	13.954793	-13.541929	0.687151	
7500000	12	-4.5887782692	4.6252340076	0.7242281315	0.379329203	3.0341725012	28.4772178839	13.158015	15.071954	16.277996	17.642697	21.284276	22.56685	23.688236	24.367791	25.233594	12.101234	12.587677	13.02802	13.386537	13.541393	-15.109694	0.690729	
7600000	12	-4.7688201709	4.6060916971	18.9468485991	0.4910953792	3.1585677624	28.6125917596	13.078188	15.118095	16.427521	17.782529	21.47155	22.730934	23.924448	24.492717	25.333525	12.039762	12.643594	13.106126	13.325976	13.584361	-14.982524	0.693325	
7700000	12	-4.3996909507	4.5905206986	1.5243612503	0.3878778306	3.2549176987	28.9290618923	12.933476	15.034662	16.433664	17.774839	21.783042	23.151135	24.223265	24.891574	25.692324	12.071348	12.783773	13.234037	13.551774	13.770418	-14.359074	0.687626	
7800000	12	-6.2713928514	4.6729911302	0.2871078618	0.3577299354	3.0227052628	29.0052925136	13.161824	15.0536	16.447616	17.596494	21.384746	22.660834	23.807965	24.611636	25.455059	12.233038	12.695898	12.982171	13.319578	13.427943	-19.636342	0.703702	
7900000	12	-6.421525273	4.5620195926	3.8431962949	0.3702368024	3.3115797998	28.9226772887	13.280279	15.160988	16.763636	18.062264	21.87665	23.268472	24.219264	24.934318	25.709002	12.321909	12.741052	13.103946	13.359375	13.523844	-18.644699	0.69204	
8000000	12	-4.6820429747	4.4636468258	1.6108898883	0.3925650544	3.3968255548	27.5671489691	13.382945	15.005778	16.556082	17.983724	21.423801	22.778658	23.615049	24.116047	24.918883	12.298871	12.788331	13.157535	13.474595	13.671172	-15.017636	0.638612	
8100000	12	-4.026535736	4.5849436814	3.3042218752	0.4147410613	3.1524939321	28.7240868278	13.18401	15.013929	16.350737	17.718067	21.737053	22.906301	24.02889	24.84984	25.416417	12.02173	12.659618	13.18414	13.623906	13.942482	-13.469536	0.666137	
8200000	12	-3.9902271347	4.5157215405	0.8075006979	0.4155782763	3.398606212	27.9838672008	12.921501	14.984954	16.370245	17.727124	21.600176	22.977278	23.944281	24.505838	25.239358	12.228061	12.904618	13.480493	13.783722	14.244511	-14.101789	0.699641	
8300000	12	-3.8186759338	4.5518319757	0.7544068775	0.4088069198	3.3011447039	28.4679038414	12.991596	14.969599	16.298872	17.733633	21.529767	23.040618	24.06439	24.693239	25.450837	11.952106	12.648271	13.34705	13.718854	14.080273	-13.822069	0.683749	
8400000	12	-4.4964247585	4.6827430469	20.9588335956	0.5216289474	2.7571262363	28.9992797686	13.608584	15.306557	16.289772	17.634955	21.136963	22.384452	23.572148	24.355252	25.158887	12.034556	12.625527	13.011358	13.393978	13.630255	-14.440874	0.691545	
8500000	12	-4.731771457	4.6141353338	5.4239081682	0.4058359733	3.3057034069	28.8963170081	12.845457	15.003735	16.291204	17.718917	21.752657	23.094594	23.987802	24.902124	25.596586	12.236346	12.773426	13.259989	13.632348	13.857474	-14.65619	0.692211	
8600000	12	-4.799017693	4.4671276735	0.3692842165	0.3858890309	3.3496701291	27.4614543522	13.316485	15.298105	16.578659	17.912337	21.554105	22.637369	23.408184	24.237374	24.723098	12.28755	12.752154	13.225114	13.452824	13.640009	-16.240472	0.704662	
8700000	12	-3.843347408	4.4716302115	3.5268361686	0.4318986001	3.2759921211	27.6434195574	13.280031	15.091447	16.482594	17.848396	21.517223	22.690509	23.644637	24.146481	24.745396	12.062728	12.678059	13.197419	13.687057	14.019254	-13.296729	0.687277	
8800000	12	-4.8394292094	4.5742194356	13.1933367557	0.4594005855	3.2816837552	28.9273373739	13.110613	15.076189	16.582003	17.846542	21.943428	23.438995	24.300336	25.025217	25.85204	12.437968	12.91158	13.333439	13.705093	13.889452	-15.024657	0.684457	
8900000	12	-4.933842914	4.5898843765	1.721391612	0.3703121337	3.2507436066	28.9537615875	13.097441	14.967384	16.531478	17.932861	21.900283	23.083002	24.322766	24.680302	25.626323	12.172689	12.700584	13.08116	13.364823	13.565527	-15.333991	0.665962	
9000000	12	-5.6041982618	4.6214027215	16.7801784301	0.4513451729	3.0867744251	28.5554395724	13.302546	15.088117	16.443438	17.734994	21.386175	22.586109	23.770673	24.312314	25.276115	12.073708	12.636135	12.823157	13.13244	13.363096	-16.706521	0.688551	
9100000	12	-4.5862010981	4.5947800729	21.6824965477	0.4956380393	3.0553622098	28.9190760775	13.379626	15.276261	16.65481	17.893822	21.515844	23.054969	23.96617	24.639908	25.57611	11.993023	12.48977	12.839944	13.151955	13.434684	-14.688371	0.690872	
9200000	12	-5.1621475269	4.7321074261	16.5712589576	0.5011090601	2.7958961703	29.4096455764	13.419773	15.077009	16.310901	17.672478	21.268125	22.618936	23.852902	24.676767	25.369982	12.418899	12.899664	13.422366	13.726282	14.005116	-15.639208	0.677849	
9300000	11	-5.2879155258	4.6110008589	74.5283953086	0.2468041479	3.1098580502	28.7182559006	13.308434	15.169168	16.481228	17.987655	21.470541	22.775674	24.040158	24.589379	25.536159	12.442773	12.926144	13.273415	13.750229	13.929802	-16.728252	0.702513	
9400000	11	-4.1723849952	4.4946418648	72.5347775809	5.4044018546	3.3999073535	28.1105655751	13.096801	15.112781	16.477026	17.843684	21.686562	22.979391	24.045908	24.754265	25.391743	12.08687	12.695668	13.189953	13.527606	13.827455	-16.651603	0.675067	
9500000	11	-4.9884356553	4.7135064555	79.8468598839	0.1113563359	2.934407715	29.2943519991	13.240039	14.880623	16.107845	17.560954	21.357869	22.67766	23.754833	24.805945	25.551604	12.079653	12.594293	12.926138	13.346406	13.583912	-16.141798	0.654573	
9600000	11	-4.1320059785	4.5115016021	68.5750518412	0.0012900608	3.3894645989	27.9303699349	13.017641	14.929064	16.345717	17.767759	21.781272	22.826659	23.929093	24.582644	25.067281	12.218549	12.868581	13.413249	13.777068	13.925015	-19.792433	0.671506	
9700000	11	-4.3965229721	4.582147641	76.7492965507	0.0280173277	3.1546023992	28.7053788212	13.097948	15.044974	16.358723	17.914408	21.700746	22.862442	24.020157	24.705325	25.555246	11.979625	12.575111	13.060496	13.302647	13.663092	-15.839548	0.688733	
9800000	11	-3.8621327899	4.6636088483	73.0052699043	0.0624883411	3.0562937885	29.2313054312	12.894466	14.747074	16.11191	17.565215	21.437823	22.970714	24.112382	24.894453	25.620646	12.000521	12.685331	13.269952	13.749816	14.108449	-14.265574	0.701777	
9900000	12	-3.9305697163	4.5861533404	51.9214217823	1.284088841	3.0734304297	28.8285917707	13.298032	15.18728	16.333631	17.866842	21.605665	22.900637	24.061422	24.650842	25.603049	11.840556	12.582415	13.054963	13.461671	13.680323	-14.486934	0.657353	
10000000	12	-4.447723155	4.5717610728	21.9024589307	0.5230154095	3.2262820227	28.8175186111	13.201562	15.05837	16.54688	17.851249	21.757975	23.00765	24.237479	24.847509	25.575854	12.068556	12.576553	13.129296	13.461457	13.654431	-14.473013	0.688238	
10100000	12	-4.460212944	4.6094020829	37.5479198504	0.7161361885	3.0074195838	28.7044470636	13.359838	15.201928	16.361015	17.746466	21.380993	22.661625	23.668435	24.333947	25.444047	11.872227	12.551209	12.980462	13.295642	13.597321	-14.849363	0.68747	
10200000	12	-5.5890423737	4.6284613362	0.9710513898	0.3732500783	3.2460291484	29.2350908635	13.033195	15.057232	16.414993	17.952047	21.801451	23.192904	24.345936	25.07279	25.800184	12.39138	12.945496	13.269418	13.644586	13.829796	-17.024274	0.68779	
10300000	12	-4.6486290553	4.5070020954	0.3712950726	0.3794576875	3.3524368419	28.5014560088	13.226338	15.315179	16.612117	18.228882	21.773247	23.145513	24.004457	24.861678	25.627819	12.324032	12.875334	13.15185	13.51195	13.883359	-15.880062	0.703469	
10400000	12	-4.3183855756	4.5284690715	3.0178356895	0.4010957257	3.207427944	27.969062242	13.196441	15.315486	16.572839	17.847347	21.425075	22.717894	23.860393	24.280366	24.920178	12.033652	12.60938	13.055779	13.451611	13.658502	-14.05375	0.70083	
10500000	12	-4.3608260055	4.5252311538	4.0127744728	0.3891892922	3.2951530945	27.9394880436	13.058542	15.065152	16.424462	17.594109	21.520415	22.796903	23.723901	24.536812	24.987791	11.877754	12.450588	12.833519	13.120678	13.458365	-14.072516	0.697243	
10600000	12	-6.0881276052	4.5591999949	7.289477542	0.4115520112	3.0980410563	28.5692115688	13.697222	15.505433	16.985845	18.070129	21.705966	23.23879	24.125606	24.82371	25.346015	12.552998	12.913385	13.264098	13.570307	13.677754	-17.769776	0.690698	
10700000	12	-4.3681552556	4.5935232851	26.3537465124	0.5838336617	3.2249521288	28.6346156316	13.017211	15.069156	16.295331	17.755314	21.532696	22.826568	23.990108	24.638465	25.448314	12.015922	12.626236	13.121358	13.378496	13.707319	-14.42677	0.675914	
10800000	12	-4.7188213069	4.564146487	26.8264041553	0.6144151243	3.2951477851	27.9978310528	12.927703	14.926056	16.204588	17.598848	21.382305	22.600512	23.710038	24.597971	24.947369	12.314918	12.841451	13.2904	13.498522	13.747181	-15.154164	0.682234	
10900000	12	-4.3068600942	4.5884203621	3.3685274659	0.3942609898	2.950964542	28.7455236677	13.508721	15.339957	16.676916	17.967106	21.643384	22.804605	23.889198	24.577903	25.18934	11.921695	12.563636	13.048385	13.377666	13.71047	-13.936212	0.700323	
11000000	12	-4.7557946921	4.6060499757	1.0652408973	0.3597985002	3.1457217989	29.0403190568	13.134681	15.047761	16.385944	17.834714	21.801954	22.936693	24.141081	24.791837	25.59256	11.825515	12.540264	12.883572	13.170597	13.454072	-15.191263	0.686945	
11100000	12	-4.529178193	4.4868152898	25.1944168953	0.6110899582	3.3276399419	27.7953339454	13.359764	15.347897	16.659528	17.93154	21.694544	22.710888	23.909301	24.363767	25.034826	12.26612	12.899439	13.320545	13.624993	13.784545	-14.84114	0.69444	
11200000	12	-4.2277471734	4.562156579	14.4121356126	0.4752582691	3.0948737292	28.3917864999	13.327996	15.321636	16.601295	17.717249	21.448322	22.781771	23.762152	24.527921	25.092088	11.965721	12.623998	13.056701	13.543521	13.683025	-13.91984	0.695449	
11300000	12	-4.8562012042	4.7046040467	4.7223379896	0.3858818501	2.8754988262	29.8404825928	13.406959	15.222763	16.530656	17.727075	21.39223	22.921138	23.934229	24.980236	25.662919	12.067086	12.579124	13.063513	13.386059	13.63039	-14.815192	0.694292	
11400000	12	-4.4022867555	4.5553839014	0.5906747978	0.3747790273	3.2656921549	28.3309466159	12.995071	14.999665	16.319981	17.779659	21.657564	22.842203	23.639315	24.620015	25.215905	11.917578	12.45803	12.975907	13.313832	13.597044	-14.976309	0.702984	
11500000	12	-5.0044104593	4.5459629316	0.4127039255	0.3857475835	3.3160277932	28.0797301926	13.127972	15.097424	16.41389	17.824568	21.517143	22.722448	23.853409	24.551667	25.023714	12.38967	12.905674	13.282928	13.623592	13.782087	-16.468098	0.666257	
11600000	12	-3.9968852925	4.4993999376	0.653848105	0.3831512809	3.2307047647	27.8018964433	13.434189	14.917904	16.380196	17.713057	21.393971	22.594056	23.52759	24.355838	24.950533	11.746407	12.403252	12.862886	13.249383	13.57797	-14.260792	0.694287	
11700000	12	-4.900273908	4.5690789979	6.0085375913	0.4189485368	3.2013382212	28.5347657261	13.288842	15.309142	16.768152	17.881151	21.667503	23.036683	24.034796	24.586907	25.250832	12.38248	12.955596	13.294396	13.609242	13.895303	-15.045382	0.67862	
11800000	12	-3.975880258	4.5731233156	4.0308605414	0.4340812965	3.0938226804	28.7196604264	13.257679	15.281736	16.651463	17.851975	21.856543	23.193942	24.034343	24.712812	25.516209	12.232962	12.902398	13.42843	13.831742	14.117963	-13.373232	0.698132	
11900000	12	-5.2400577402	4.5650161853	13.8354103809	0.444392716	3.3724477248	28.5888225802	13.105433	14.922464	16.480345	17.819774	21.83577	22.97821	24.043987	24.919043	25.502331	12.283477	12.752284	13.182691	13.492135	13.630477	-15.879731	0.675272	
12000000	12	-4.8085110916	4.543087152	4.3998466592	0.3902738257	3.2632945443	28.3381514739	13.181326	15.026147	16.589576	17.981928	21.505239	22.878602	23.73258	24.661725	25.243923	12.161327	12.712425	12.998746	13.338586	13.543186	-14.892195	0.686214	
12100000	12	-4.8445035595	4.6511300926	25.4905026792	0.5478420906	2.8234179479	29.1933315639	13.563927	15.290398	16.736504	17.891917	21.57502	22.843627	23.825237	24.652202	25.344257	12.17426	12.634603	13.108728	13.30625	13.689659	-15.242668	0.691234	
12200000	12	-4.5673373829	4.6626082145	1.3364353225	0.4027017705	3.0763585584	28.5547927858	12.890143	14.666414	16.235076	17.474275	21.34642	22.648454	23.716749	24.344576	25.121825	12.274877	12.885816	13.353475	13.682213	13.915683	-14.680203	0.703207	
12300000	12	-4.2972525504	4.545861792	3.6572869541	0.431742973	3.2151350851	28.0285956316	13.119242	15.100665	16.444362	17.709624	21.62029	22.762351	23.614371	24.393975	25.031008	12.341701	13.03399	13.442042	13.780526	14.145523	-13.97569	0.702142	
12400000	12	-5.0385309561	4.5337505922	11.8827313993	0.4605717105	3.3280114372	28.4544116735	13.253549	15.290245	16.618465	18.049616	21.85795	23.092403	24.19355	24.730852	25.314771	12.52745	13.015571	13.485531	13.747865	14.008358	-15.457016	0.688415	
12500000	12	-5.2210474011	4.6563940375	6.4292519797	0.4009423676	3.1428030829	29.0981955605	12.983202	14.748898	16.355811	17.69805	21.59054	22.930818	24.114278	24.809298	25.447595	12.253288	12.735506	13.192445	13.451423	13.706265	-15.622475	0.661813	
12600000	12	-4.6366632269	4.6307332389	5.3191488949	0.3997187711	3.1775172083	29.2258873421	13.099421	15.038944	16.475196	17.67345	21.728062	23.109993	24.181012	24.885355	26.035106	12.178034	12.668082	13.168921	13.392979	13.682342	-14.449955	0.704255	
12700000	12	-4.0056892623	4.5257277738	19.0829696384	0.5819332943	3.2023729307	27.9589303886	13.261944	15.164122	16.459411	17.97301	21.493181	22.858147	23.668135	24.449849	25.197026	12.173425	12.96376	13.435329	13.80137	14.198129	-13.73766	0.694644	
12800000	12	-4.4171958298	4.7218562794	0.4300187914	0.3904793913	2.9273621047	29.311306451	12.952032	14.86332	15.961054	17.381225	21.329665	22.86267	23.876006	24.571323	25.622077	12.065567	12.704088	13.25438	13.562132	13.986563	-15.109461	0.646103	
12900000	12	-4.1187609313	4.5454918511	17.3264522312	0.5017472112	3.1992116432	28.1103402494	13.111728	15.223531	16.509727	17.54747	21.526879	22.794238	23.659994	24.328649	24.997367	11.877583	12.534208	13.019738	13.354605	13.634754	-13.821759	0.69738	
13000000	12	-4.2924369464	4.5649074493	7.8361024515	0.4370128822	3.0627590893	28.5985671663	13.486308	15.348064	16.622574	17.898618	21.627942	22.826171	23.960246	24.551253	25.229635	12.174977	12.727356	13.209351	13.640883	13.786115	-13.90389	0.673792	
13100000	12	-4.9821002943	4.4722314197	17.4865818208	0.5056887398	3.3315806065	27.4217264147	13.343655	15.286449	16.657846	17.965584	21.47368	22.69546	23.534657	24.159039	24.708646	12.32422	12.729363	13.187264	13.329187	13.546151	-15.549037	0.692427	
13200000	12	-4.7800948674	4.658424981	16.4735466128	0.4996329381	3.01073163	28.9401111422	13.236147	15.09198	16.256468	17.616469	21.460687	22.865301	24.00262	24.632817	25.718739	12.37643	12.889365	13.325785	13.709252	13.859511	-14.912699	0.645982	
13300000	12	-4.515398342	4.520259678	7.818041149	0.4249358662	3.2393565034	27.9169437008	13.244195	15.188086	16.473055	17.822135	21.519076	22.835019	23.839628	24.286685	25.017733	12.076023	12.549784	13.092425	13.388295	13.578523	-14.358434	0.644708	
13400000	12	-6.0988715056	4.6416525021	5.7008922508	0.3881960268	3.0973055021	28.7218886557	13.126297	15.006011	16.179907	17.652302	21.514745	22.589716	23.684634	24.682601	25.263152	12.238514	12.691864	13.132753	13.23141	13.516632	-17.701606	0.663191	
13500000	12	-3.7753811057	4.4551244515	13.3948058124	0.5098196386	3.1350744906	28.0373253035	13.739647	15.473623	16.691662	18.16061	21.609374	22.848911	23.935526	24.517306	25.18813	12.062168	12.77896	13.219496	13.696365	13.957985	-13.286807	0.693002	
13600000	12	-4.8811327484	4.5520813918	54.7844843686	1.3432839184	3.2790991797	28.3024894628	13.214718	15.142724	16.657856	17.801361	21.595618	22.771972	23.980615	24.700255	25.270805	12.164807	12.73132	13.065836	13.324111	13.677899	-16.33792	0.704034	
13700000	12	-3.9330855231	4.5500084802	56.0809905115	1.6605986656	3.0915505273	28.4611891779	13.345564	15.237842	16.600711	17.836538	21.669159	22.886919	23.774853	24.576104	25.288866	11.85908	12.526953	13.031479	13.462579	13.771224	-14.775838	0.70159	
13800000	12	-4.6521662096	4.5124129996	59.2781230061	1.8032832732	3.2610103305	27.8922332104	13.365726	15.191191	16.648116	17.884631	21.575652	22.695193	23.60417	24.31901	24.960024	12.102551	12.633639	13.092628	13.252035	13.487155	-16.212747	0.692826	
13900000	11	-4.2396291208	4.6648537267	71.1201778675	0.0033279656	3.0124862363	28.9452560194	13.174816	14.839899	16.225641	17.519524	21.342962	22.736786	23.797439	24.66337	25.544026	12.247297	13.048929	13.344455	13.920216	14.199383	-18.082628	0.699182	
14000000	12	-4.7919969697	4.5411624301	47.8690752011	0.9145699491	3.3765803215	28.4235236574	13.05029	14.964198	16.449124	17.76036	21.781973	22.946841	23.927521	24.452584	25.181994	12.086501	12.545688	12.901768	13.267303	13.416586	-15.832301	0.653726	
14100000	12	-4.7090995839	4.6302714523	32.7356837573	0.6371906324	3.0250538894	28.9760150761	13.228848	15.12892	16.419557	17.910338	21.578009	22.820587	23.905048	24.874434	25.697542	12.057764	12.720025	13.053971	13.352302	13.75541	-15.175183	0.702452	
14200000	12	-4.6794768255	4.6810872674	1.1429193999	0.3670025767	3.1040275507	29.2189605472	12.882409	14.765171	15.991985	17.377998	21.341697	22.877561	24.018597	24.670139	25.59322	11.937095	12.507293	12.938759	13.256567	13.528325	-14.935897	0.659321	
14300000	12	-4.6772045864	4.6138586232	0.5651346365	0.386437073	3.0903896762	28.9288685574	13.311469	15.204208	16.563448	17.829146	21.758407	22.811092	23.993668	24.844525	25.472646	12.286217	12.92083	13.343442	13.637136	13.874447	-15.473416	0.701712	
14400000	12	-5.0130059105	4.60409329	3.4036070965	0.3749083002	3.0152822921	29.1690967525	13.603226	15.46695	16.703907	18.018574	21.824618	23.066779	24.018877	24.829951	25.590892	12.085238	12.63674	13.009366	13.259094	13.460663	-15.274123	0.68096	
14500000	12	-5.1882546866	4.6094500633	0.8901892764	0.3796457527	3.2552293687	28.3019837596	12.81088	14.847276	16.262331	17.61334	21.534507	22.829251	23.640828	24.485722	25.149656	12.283575	12.744947	13.142793	13.503727	13.662043	-16.209269	0.682901	
14600000	12	-4.5604035293	4.5910879719	5.562821223	0.424335561	3.1231843761	28.7031883014	13.194372	15.242176	16.385986	17.845721	21.685433	23.024494	24.077882	24.734309	25.578965	12.39711	12.917123	13.414405	13.664696	13.948438	-14.358423	0.655065	
14700000	12	-4.5001907953	4.558391759	10.3069496037	0.4478099637	3.2344261477	28.3980965423	13.153437	15.096813	16.538784	17.719569	21.663737	22.792365	24.090846	24.545591	25.41918	12.161529	12.847095	13.284016	13.604057	13.800965	-14.330366	0.689723	
14800000	12	-5.6325425335	4.5985991038	29.1258531822	0.5616568896	3.1862549583	28.2848521461	13.058975	14.936071	16.347673	17.672833	21.252284	22.561174	23.780553	24.41781	24.950588	12.138779	12.603398	12.963023	13.184751	13.257421	-17.090345	0.69895	
14900000	12	-4.5097740961	4.6211766264	46.0772186491	1.0059458532	3.0294017771	28.4919436812	13.136799	15.066019	16.328903	17.587239	21.247814	22.760434	23.684142	24.556251	25.030261	12.13749	12.702859	13.209929	13.433523	13.757908	-15.237646	0.647221	
15000000	11	-4.0236767759	4.5372265179	69.9540782989	0.032221475	3.1640121456	27.8022725759	13.246695	14.957821	16.332272	17.746626	21.375497	22.467944	23.618593	24.302664	24.844679	12.105023	12.709651	13.130867	13.476991	13.745766	-15.056688	0.681435	
15100000	11	-5.120045642	4.653101064	76.3259732402	0.2134427235	3.2012528872	29.1036666204	12.869531	14.765968	16.311449	17.646587	21.913704	23.158585	24.128699	24.758002	25.512162	12.470546	13.022093	13.455996	13.801671	14.079759	-16.339839	0.678988	
15200000	12	-6.2386104675	4.5954252676	43.7404324848	0.7586970605	3.0237471303	28.7239829523	13.492847	15.442578	16.693805	18.073822	21.415212	22.858956	23.908485	24.413853	25.213977	12.112937	12.584402	12.922698	13.174536	13.243206	-18.94106	0.695628	
15300000	12	-4.9895796012	4.69005097	68.728030029	1.8727909144	2.969619503	29.9362976714	13.362475	14.89278	16.555928	17.717337	21.761657	23.168549	24.298625	25.021618	26.04413	11.99306	12.586346	12.959993	13.270121	13.441378	-16.843462	0.684386	
15400000	11	-4.1815175032	4.6077184665	69.7883175936	0.0322447051	2.914747158	28.3208980711	13.421305	15.302138	16.485048	17.648696	21.090667	22.567832	23.589106	24.326639	24.799986	12.188935	12.874602	13.342499	13.623372	14.018331	-15.247923	0.696951	
15500000	11	-3.6850659301	4.5003378018	65.5104083927	0.6124936905	3.241051641	27.8202797363	13.19332	15.080161	16.385129	17.750734	21.549033	22.77173	23.747899	24.489033	25.02016	12.007534	12.72507	13.364056	13.795701	14.229568	-13.956855	0.702614	
15600000	11	-4.8931855389	4.680927876	79.6957545312	0.1161071547	3.1227832857	29.3274183491	12.843752	14.729928	16.182519	17.498179	21.470155	23.001978	24.339984	24.95017	25.860086	12.125351	12.65966	13.127426	13.42365	13.687944	-15.96067	0.697547	
15700000	11	-4.7280321259	4.6188613847	76.0718855537	0.0089745422	3.2140550999	28.2199236449	12.879071	14.742856	16.034266	17.502883	21.238416	22.718442	23.608493	24.411437	25.185669	11.991271	12.489178	12.974375	13.288214	13.555414	-17.631199	0.680487	
15800000	11	-4.8988159789	4.7080728156	79.106284846	0.034629241	2.7504514925	29.6646159456	13.547272	15.268855	16.482845	17.735521	21.419826	22.780573	23.870225	24.640698	25.580654	12.216352	12.727322	13.224562	13.516801	13.738407	-16.547391	0.661586	
15900000	11	-4.6745885294	4.5943435329	75.0554578846	0.7638634131	3.2225941605	28.5690223002	12.990278	15.042622	16.394909	17.673779	21.576015	22.89766	23.934878	24.586677	25.53307	12.171743	12.721914	13.220511	13.607307	13.808821	-15.77809	0.694275	
16000000	11	-5.4785045886	4.6660149268	75.2209595938	1.8270959124	2.9649155514	28.7093687065	13.257219	15.110026	16.483688	17.654259	21.267863	22.689502	23.494291	24.469524	25.140541	12.449136	12.954171	13.423113	13.663655	13.795974	-17.988751	0.698316	
16100000	11	-4.3250432979	4.493783565	71.7328144083	0.2190864929	3.2316900422	27.709870003	13.35694	15.446225	16.595985	17.803799	21.378572	22.663653	23.726678	24.38352	24.762283	12.069303	12.61419	13.141008	13.468787	13.684707	-14.89982	0.703892	
16200000	11	-4.65788497	4.5364722591	72.1521282144	0.0509310544	3.0430050773	28.4633552382	13.710053	15.621226	16.870777	18.076276	21.577502	23.128796	24.011694	24.65221	25.280879	12.489794	12.935265	13.330899	13.713432	13.900111	-15.908142	0.695495	
16300000	11	-3.8882242353	4.490775461	70.7921047166	4.2217825625	3.3597324183	28.2333205078	13.139393	15.185125	16.490904	17.866205	21.637868	23.044131	24.172629	24.858405	25.464346	11.94552	12.675194	13.279489	13.667681	13.895889	-15.857594	0.693918	
16400000	11	-4.3266629349	4.6913876467	75.8006428814	0.0086458284	2.7917035936	29.5814124951	13.5142	15.27111	16.523208	17.658221	21.390769	22.861086	24.082223	24.733786	25.817398	12.241531	12.770231	13.287236	13.690273	13.958109	-16.842534	0.698636	
16500000	11	-4.978904017	4.5536769928	74.548318945	0.0987195056	3.28406565	27.7932805931	12.945548	14.926726	16.355521	17.735113	21.385271	22.651956	23.690581	24.084251	24.828949	12.153866	12.677168	13.083784	13.346675	13.461153	-16.265888	0.683158	
16600000	11	-4.338259246	4.5858095172	74.4619838885	0.0445959681	3.1239115646	29.0389089454	13.31485	15.273496	16.651602	18.000237	21.901809	23.069685	24.213642	24.859982	25.597996	12.280567	12.934576	13.394081	13.595559	13.922101	-15.361551	0.694795	
16700000	11	-4.3000063777	4.4728584502	68.5372858796	1.1708550003	3.273658503	27.5777654176	13.440783	15.360686	16.750348	17.753298	21.58415	22.763098	23.570597	24.266521	24.776585	12.318935	12.915498	13.461264	13.567842	13.923515	-15.389579	0.697711	
16800000	11	-5.0708934113	4.6553196694	79.1529056147	0.1967756422	2.880060922	28.9079321269	13.440913	15.240374	16.58562	17.618929	21.187322	22.639921	23.76262	24.466537	25.28739	12.053418	12.58581	13.013283	13.225191	13.563851	-16.267502	0.704488	
16900000	11	-4.0899511225	4.6620076216	73.221697428	0.160227631	2.9223333173	28.977041247	13.260361	15.016762	16.316803	17.614852	21.335199	22.706528	23.803059	24.667977	25.465989	12.06686	12.592634	13.294472	13.561592	14.000145	-14.347133	0.699576	
17000000	11	-4.0929342158	4.6325332086	71.8034383645	0.0070244609	3.0596417104	28.4676231224	13.137797	14.793636	16.218061	17.377845	21.316242	22.597308	23.734366	24.451036	25.286868	11.994127	12.580159	13.168449	13.625874	13.849121	-16.729585	0.697146	
17100000	11	-5.3701988466	4.5939447584	77.7888549213	0.8295857393	3.0845732982	28.6908052744	13.415435	15.215304	16.683481	17.977157	21.594549	22.736956	23.940739	24.644497	25.199814	12.221208	12.723306	13.138044	13.467703	13.534093	-17.301844	0.69803	
17200000	12	-3.920981106	4.5729581932	50.6481949969	1.7067746241	3.111095856	28.2548766459	13.220214	15.095404	16.392677	17.732017	21.453905	22.77507	23.743264	24.30677	25.157155	12.219954	12.862175	13.557913	13.836907	14.231306	-14.687539	0.700618	
17300000	12	-4.858662101	4.7561242455	36.9088997183	0.661908029	2.7020845344	29.8646129455	13.363329	15.091255	16.19324	17.558611	21.25917	22.64672	23.730731	24.578896	25.570213	11.930528	12.466403	12.871609	13.272287	13.622372	-15.440755	0.679688	
17400000	12	-4.8798124105	4.6065995569	23.5688809318	0.5204470185	3.0194930856	28.9276903692	13.563792	15.294594	16.638598	17.922199	21.622316	22.821922	23.933427	24.828742	25.416853	12.151551	12.598619	12.996792	13.349051	13.656273	-15.305611	0.692619	
17500000	12	-5.3349530017	4.5550879279	0.6523856169	0.3545295355	3.3166644567	28.7733146382	13.112084	15.199683	16.686208	17.99289	21.812416	23.192755	24.287404	24.815879	25.569178	12.100669	12.615742	12.948266	13.205451	13.425722	-16.776947	0.700352	
17600000	12	-4.6606617038	4.617186338	18.8875486671	0.4925884104	2.9773621897	28.7635670492	13.421682	15.224151	16.606388	17.860208	21.555412	22.700289	23.912586	24.378254	25.450931	12.103311	12.687915	13.034917	13.258294	13.604067	-14.758151	0.688936	
17700000	12	-4.2534065321	4.5401571175	3.8018399194	0.3996684202	3.3528569848	28.9020504291	13.099789	15.04245	16.455072	17.950061	21.936777	23.252468	24.33201	25.051245	25.867529	12.086625	12.66951	13.213549	13.510668	13.794297	-13.868451	0.694039	
17800000	12	-6.208107396	4.7166477738	9.3032528439	0.4043731746	3.0352490182	29.3377126519	13.037211	14.874869	16.107753	17.406176	21.232873	22.60266	24.107589	24.778796	25.634322	12.269769	12.6125	13.052682	13.368756	13.577578	-17.942304	0.699164	
17900000	12	-4.4729714651	4.5931941017	0.6541089717	0.3784228437	3.0618422134	28.2683113981	13.268411	15.128144	16.388033	17.715527	21.289539	22.586177	23.663042	24.482471	25.168125	12.027875	12.57312	12.923467	13.293919	13.488406	-14.996182	0.696838	
18000000	12	-3.8167492409	4.5360357862	61.0735234249	2.4173177513	3.1145557319	28.666828427	13.322652	15.104711	16.521516	18.008203	21.821306	22.951092	24.024834	24.753811	25.442147	11.806195	12.522529	13.055236	13.479812	13.805506	-14.989173	0.697637	
18100000	12	-4.0921949337	4.4299243072	0.4267580006	0.4135035651	3.394297062	27.3089214957	13.438365	15.088207	16.589379	17.776437	21.559451	22.663612	23.594983	24.085572	24.817986	12.229061	12.835986	13.289236	13.729978	14.010473	-14.863472	0.682912	
18200000	12	-4.5850801816	4.7476085217	7.0490506777	0.4085082573	2.9142895633	29.8213037753	12.99167	14.896236	16.026894	17.428566	21.399559	22.905361	24.137526	24.980101	25.961951	11.913236	12.639109	13.140346	13.416377	13.783089	-14.248439	0.685422	
18300000	12	-5.6005346676	4.8199926224	1.8441138695	0.387306296	2.6185213475	30.5598452865	13.487439	15.221094	16.45408	17.604351	21.16373	22.875105	24.131261	24.907239	25.909963	12.360805	12.921673	13.398389	13.649924	13.978373	-16.572905	0.698336	
18400000	12	-4.5353577243	4.5637340201	1.5469854842	0.3814786908	3.1088118616	28.6104236342	13.384999	15.175119	16.571911	17.911296	21.546928	22.870352	23.762321	24.774343	25.442295	12.110593	12.630638	13.107243	13.405054	13.665313	-14.630359	0.68763	
18500000	12	-6.0625470446	4.5233842958	11.6759529638	0.4487891104	3.2500486392	27.7465982377	13.356799	15.242198	16.586406	17.937782	21.305675	22.612144	23.66388	24.193694	24.809386	12.54972	12.912012	13.340456	13.395972	13.603522	-17.831329	0.685996	
18600000	12	-3.9044527812	4.5983936072	1.3209040373	0.4264251562	2.9972156837	28.766521494	13.296509	15.263738	16.408869	17.750663	21.536005	22.866969	24.040383	24.790917	25.334026	12.196259	12.944889	13.474667	13.889677	14.278567	-13.588621	0.700993	
18700000	12	-4.6942841608	4.5866282415	36.7979702709	0.7637604888	3.314608941	28.3108957399	12.805419	15.000775	16.328116	17.615064	21.684528	22.852169	23.86359	24.626135	25.349968	12.27373	12.807841	13.19966	13.504252	13.803293	-15.340456	0.702891	
18800000	12	-4.6924999854	4.5426443056	13.9272100435	0.4554915344	3.296638949	28.2630894677	13.120993	15.098293	16.400115	17.833836	21.470217	22.738441	23.82563	24.435712	25.253706	12.189308	12.676925	13.122225	13.231883	13.640084	-14.782446	0.667699	
18900000	12	-4.0192150536	4.6453043708	2.4175445761	0.3844873052	2.9712687895	29.0733947052	13.123086	15.020829	16.349631	17.645181	21.513156	22.983151	23.958939	24.503824	25.52384	11.722783	12.360497	12.880536	13.270618	13.566639	-13.460875	0.685026	
19000000	12	-3.8454874574	4.5080022263	8.3611462386	0.4431987715	3.3559205248	28.4665582918	13.013808	15.003461	16.480965	17.811535	21.787192	23.141205	24.302249	24.887376	25.465561	11.922645	12.604688	13.204561	13.555097	13.766766	-13.21553	0.684762	
19100000	12	-4.8852282386	4.5032837317	10.9780276748	0.4462695184	3.3049758265	28.1255621451	13.340861	15.308321	16.805721	17.954716	21.594658	22.946134	23.963196	24.475097	25.086077	12.363384	12.865827	13.32219	13.536539	13.680268	-15.151978	0.680961	
19200000	12	-4.9954352489	4.4998796802	2.341978418	0.3912578267	3.3085951018	28.206462631	13.398367	15.382376	16.715018	18.182315	21.911199	23.026706	23.829465	24.640177	25.145046	12.478744	12.949194	13.300761	13.518318	13.749282	-15.458247	0.676209	
19300000	12	-4.6355106498	4.709798602	1.4598386263	0.394148049	2.8925543299	29.3449549013	13.248074	14.911208	16.425332	17.458413	21.324024	22.753126	23.880786	24.511521	25.572026	12.204703	12.850059	13.320607	13.676495	13.923833	-14.715056	0.682668	
19400000	12	-4.4179248695	4.5522382335	4.5753919028	0.3898259929	3.3650797642	28.465738499	12.919015	14.909324	16.344856	17.797273	21.661421	22.977333	23.884842	24.703542	25.338718	11.845519	12.527986	12.924322	13.30042	13.491402	-14.126962	0.690273	
19500000	12	-4.629312411	4.6120034078	2.7640682861	0.3951515677	3.2193224479	28.5019037598	12.970201	14.830092	16.271208	17.639056	21.494998	22.708469	23.746691	24.521066	25.442286	12.186852	12.691494	13.186304	13.532396	13.766603	-14.562721	0.703108	
19600000	12	-6.6996688992	4.6381674845	0.3964976428	0.3511390655	3.1718393083	29.2293017505	13.064071	15.020048	16.525655	17.708017	21.702313	23.029925	24.128784	24.887662	25.75277	12.234571	12.685165	13.022066	13.226043	13.386074	-20.513762	0.696128	
19700000	12	-4.2577346197	4.6528987643	0.4253174628	0.3787376669	3.026432735	29.4773131382	13.14804	15.044407	16.411265	17.724842	21.515822	23.109721	24.230999	24.907709	25.78988	11.994079	12.607495	13.079934	13.506052	13.708675	-14.882872	0.67159	
19800000	12	-4.0398605317	4.7222195434	1.6884815123	0.4240111975	2.6844860314	29.1638118873	13.439882	14.947048	16.206246	17.552268	21.161575	22.546898	23.748513	24.354654	25.467065	12.188886	12.824134	13.416802	13.869319	14.124557	-13.582931	0.695356	
19900000	12	-4.5660202645	4.5113559297	4.193136863	0.3965411717	3.201440477	28.1801352965	13.475566	15.346269	16.757067	17.989275	21.715949	22.972535	23.567406	24.373814	25.1313	12.030351	12.620452	13.125195	13.412272	13.65425	-14.463303	0.686749	
20000000	12	-4.7093825718	4.6046916313	1.3222063014	0.3955316554	3.1280673434	28.3666550601	13.073292	15.084382	16.458588	17.508455	21.405512	22.71391	23.694053	24.612262	25.272756	12.318034	12.928542	13.253807	13.50357	13.804543	-15.011025	0.696039	
20100000	12	-3.6402060536	4.502687609	8.1164701644	0.4616952728	3.2134471183	28.0251153309	13.270167	15.126661	16.461672	17.7575	21.60383	22.773292	23.545116	24.294565	24.978435	11.732713	12.525916	13.050219	13.618013	13.838486	-12.915406	0.703245	
20200000	12	-3.9182868591	4.6205684581	5.5937605821	0.4414296088	3.1575504948	28.9540283699	12.9872	14.868033	16.233031	17.552501	21.648871	22.98568	24.296849	24.651261	25.577708	12.060126	12.846086	13.360263	13.84563	14.136408	-13.205176	0.674068	
20300000	12	-4.4776690206	4.6244081166	7.0936641281	0.4165254308	3.0265102263	29.1971133722	13.379544	15.205776	16.488529	17.934794	21.681591	22.897466	24.087851	24.79352	25.715486	12.188823	12.66317	13.242718	13.547883	13.83186	-14.161657	0.693122	
20400000	12	-6.2419757107	4.8236203508	8.3002249418	0.4009749886	2.5829376387	30.3676452227	13.499689	15.031006	16.345391	17.395598	21.121213	22.658372	23.859583	24.749415	25.876057	12.19233	12.661291	13.130422	13.392333	13.566112	-17.927207	0.692137	
20500000	12	-3.6502131156	4.5660235513	4.7174205254	0.4535015525	3.1511461059	28.5765055371	13.190112	14.985158	16.334583	17.698985	21.578786	22.881596	24.177478	24.771143	25.255591	11.942256	12.785494	13.458985	13.851674	14.245914	-12.857942	0.686756	
20600000	12	-4.2624984133	4.5687950386	0.8120191057	0.4129037805	2.9163257777	28.0388398393	13.754675	15.421481	16.547843	17.945213	21.201227	22.575118	23.547153	24.296386	24.919842	12.285328	12.933623	13.339366	13.726634	14.042897	-14.50943	0.703625	
20700000	12	-6.4953975561	4.6123315338	2.6494648498	0.3656674161	3.3860106587	28.847548723	12.689146	14.811557	16.312382	17.753379	21.642319	23.143492	24.356234	24.834416	25.658293	12.33672	12.72896	13.053233	13.290265	13.381468	-18.874601	0.697627	
20800000	12	-4.7262690009	4.666417634	0.0695878581	0.4038674013	3.0684417009	28.7240019879	13.014713	14.954758	16.130763	17.500772	21.434594	22.857497	23.845239	24.498333	25.483404	12.537855	13.058606	13.541591	13.861371	14.130716	-17.86882	0.676061	
20900000	12	-4.4330914257	4.5789944233	0.4764574276	0.3763108786	3.1016176218	29.1303303894	13.459066	15.375787	16.749181	17.9661	21.882604	23.175065	24.12047	24.888725	25.500107	12.016785	12.678423	13.172806	13.37972	13.766565	-15.174134	0.677978	
21000000	12	-4.2709094264	4.5317926505	4.1223443209	0.4183113925	3.1948240427	28.2237161232	13.332082	15.163566	16.470812	18.079029	21.753821	22.909593	23.71415	24.560556	25.115297	12.140178	12.716086	13.309051	13.601116	13.814239	-13.913854	0.652569	
21100000	12	-4.9262664531	4.6004652004	3.424437456	0.3794421508	3.1457982376	28.9085119522	13.190356	15.225698	16.525583	17.914731	21.683341	22.892077	24.089215	24.779018	25.497043	12.02613	12.601656	13.055916	13.319777	13.568856	-15.101676	0.6996	
21200000	12	-5.1530240769	4.5545817292	17.2536246924	0.4652925623	3.3404049339	28.1758799865	13.067195	14.938746	16.474681	17.690119	21.408644	22.786129	23.935879	24.513187	25.226926	12.091895	12.51664	12.967961	13.308443	13.369571	-15.783016	0.695347	
21300000	12	-4.3654322558	4.5712613289	1.8686159319	0.414667031	3.1792458823	27.6705609007	13.208042	14.997968	16.263237	17.471071	21.187028	22.531377	23.429448	24.257154	24.662518	12.263022	12.867282	13.366392	13.696567	13.863895	-14.258692	0.675638	
21400000	12	-4.6071698562	4.5050992536	27.4026408746	0.6198031916	3.1729020924	27.7269978848	13.527992	15.317111	16.667589	17.940999	21.326143	22.621366	23.481369	24.118443	24.816455	12.233913	12.760953	13.174963	13.403709	13.711864	-15.015115	0.699357	
21500000	12	-3.9065172441	4.6228912032	15.7716765098	0.5289656183	2.8474556283	28.9896340124	13.577605	15.402059	16.538511	17.778649	21.49617	22.856263	24.112336	24.662844	25.433974	12.134114	12.754277	13.484031	13.775109	14.10292	-13.371221	0.692667	
21600000	12	-4.4586626861	4.6757131028	28.2886611663	0.5931661195	2.9419544372	29.6778795033	13.321446	15.164106	16.421396	17.827253	21.7086	23.096743	24.133855	25.13146	25.985231	12.129371	12.701321	13.221166	13.575011	13.776404	-14.548474	0.692468	
21700000	12	-4.7763129448	4.5197012372	1.0292275513	0.3752598237	3.2308574737	28.1733947404	13.523724	15.264342	16.726437	17.947414	21.552159	22.811331	23.621611	24.545195	25.147028	12.048384	12.669917	13.123623	13.37565	13.588112	-15.355045	0.692007	
21800000	12	-3.4259767477	4.5382734215	31.9985764881	0.7877317291	3.2779515564	28.8404546014	12.882759	14.946759	14.680778	17.898008	21.769813	23.193113	24.416877	24.946932	25.957496	11.790147	12.51932	13.328868	13.778164	14.260973	-13.178949	0.625667	
21900000	12	-5.3264576992	4.5126149165	39.5613432654	0.7223324265	3.3561768335	28.6079851237	13.409967	15.413258	16.773084	18.092831	21.913124	23.315453	24.429108	24.854364	25.703107	12.361707	12.73029	13.059122	13.315216	13.498086	-16.745679	0.679557	
22000000	12	-5.3686165013	4.642768184	55.12950288	1.1214016463	3.0288172078	28.8312823558	13.212828	15.281986	16.411294	17.837519	21.441966	22.685849	23.729836	24.418125	25.258597	12.119482	12.61344	12.925145	13.135963	13.530595	-17.167331	0.687951	
22100000	12	-5.0214128359	4.6595707505	75.8221722601	4.3924604338	3.1254550248	29.7145002948	13.248018	14.931146	16.501166	17.761402	21.707253	23.26768	24.509769	25.1936	25.766061	12.179578	12.742611	13.125099	13.499926	13.580266	-17.880677	0.642683	
22200000	11	-5.1573794428	4.5890409709	72.5185479483	2.2191918414	3.2473879368	28.2520868566	13.069742	14.981196	16.447031	17.751738	21.479624	22.765751	23.818342	24.55251	25.166571	12.537353	12.974083	13.485444	13.77734	13.810329	-17.495324	0.70323	
22300000	11	-5.7118165324	4.8100981883	82.4089321774	0.3761914803	2.6403827946	30.481167184	13.393183	15.171987	16.314605	17.621771	21.425975	22.667576	24.15798	24.7964	25.942881	12.378226	12.79842	13.265732	13.534319	13.808182	-17.653525	0.701712	
22400000	11	-4.6316924831	4.5833860146	70.78081196	0.0743799314	3.0269454478	28.0777457896	13.58804	15.346725	16.517151	17.745222	21.293082	22.669413	23.562912	24.362009	24.943262	12.367905	12.81188	13.308069	13.691051	13.975109	-15.605629	0.676954	
22500000	11	-4.7831452345	4.5607429155	79.9847917761	0.0127194856	3.2846445207	28.8481395064	13.199015	15.135987	16.609259	17.89966	21.919782	23.161049	24.043079	24.974693	25.442151	12.058915	12.690445	12.955482	13.239395	13.514415	-17.408384	0.662325	
22600000	11	-5.5925014606	4.5666687779	82.1278974143	0.0235325122	3.206741227	28.9744009774	13.436483	15.311558	16.813038	18.162784	22.000317	23.249048	24.081023	24.832612	25.756294	12.134244	12.773679	13.067275	13.320766	13.436028	-18.544052	0.700155	
22700000	11	-5.9663066689	4.6317207323	73.5973716441	0.237549215	3.2257827505	28.2784542476	12.897031	14.791192	16.094524	17.496209	21.37643	22.605123	23.61527	24.492602	25.13577	12.557064	13.029657	13.460073	13.760962	13.75345	-18.291313	0.700128	
22800000	11	-4.6877286577	4.4948010135	76.1999254862	0.1212645029	3.370943625	28.4341710357	13.287459	15.457421	16.75427	18.053693	22.082756	23.269046	24.121877	24.759083	25.393093	12.240575	12.718957	13.129572	13.421417	13.78392	-15.69235	0.684156	
22900000	11	-4.5849091779	4.5626313472	71.5515110569	0.0412493159	3.335293258	28.2137487719	12.889975	15.035307	16.366478	17.651745	21.547202	23.033101	23.826329	24.695333	25.004773	12.357916	12.935347	13.376982	13.761308	14.072224	-15.870601	0.670527	
23000000	11	-3.9465183691	4.5727547484	70.724823555	1.4161816129	3.1499081783	28.2657930143	13.084082	15.10293	16.264614	17.671633	21.260788	22.658314	23.618785	24.467537	25.162488	11.97564	12.652722	13.221304	13.577479	13.878263	-14.827099	0.703034	
23100000	11	-4.9660520198	4.6622676637	76.5591767517	1.4556979529	3.0738582654	28.9317672556	13.09403	14.981159	16.346779	17.65417	21.396564	22.888628	23.845008	24.553155	25.61953	12.250291	12.730958	13.27545	13.658372	13.805746	-16.710462	0.679787	
23200000	12	-4.1882213221	4.6005724409	61.013742324	2.3152912427	3.1864924149	28.6379466666	13.018478	14.916558	16.313743	17.651936	21.407094	22.862019	23.969695	24.59872	25.31778	12.056476	12.631553	13.24558	13.662433	13.882701	-15.503207	0.678474	
23300000	12	-4.0492350596	4.5010858206	15.9668051318	0.5158920567	3.2714802527	27.8888715943	13.235807	15.348684	16.470154	17.737788	21.420425	22.843088	23.819228	24.337765	24.947397	12.095962	12.69393	13.195758	13.584995	13.812905	-13.7361	0.649368	
23400000	12	-3.8557657	4.4664476146	14.4429473619	0.5171951703	3.3710139213	27.9015899871	13.245337	15.147604	16.587995	18.05728	21.648959	23.000363	23.890854	24.473086	25.18647	12.127872	12.76745	13.299969	13.598837	13.895309	-13.427584	0.661427	
23500000	12	-4.7426353772	4.5451461961	2.5460879181	0.4132785922	3.3222966465	28.7443434815	13.28458	15.10442	14.99263	18.166083	22.044831	23.188899	24.287387	25.147976	25.690263	12.656553	13.171162	13.621143	13.917628	14.199776	-14.880317	0.543882	
23600000	12	-3.9732021322	4.7579624645	4.1278768959	0.3976741925	2.7097877031	29.8954023865	13.144763	14.837901	16.102531	17.361278	21.245545	22.822534	23.936991	24.683798	25.528644	11.618873	12.332411	12.88667	13.300979	13.669975	-13.171018	0.692293	
23700000	12	-4.5872699841	4.5989185096	23.7596245469	0.5444646768	3.2952868963	28.8785826619	12.848185	14.8527	16.386082	17.809702	21.738882	23.135509	24.16567	24.870737	25.570554	12.2324	12.844316	13.14338	13.476216	13.87909	-14.756002	0.677059	
23800000	12	-4.1038561049	4.4950409682	7.3077473891	0.4383143183	3.2179342106	28.5333642831	13.605533	15.491095	16.9184	18.166912	21.755473	23.280985	24.227234	24.733938	25.481663	12.17709	12.905165	13.298868	13.679871	13.933337	-13.643818	0.697446	
23900000	12	-5.2463098251	4.6853072147	4.8295713881	0.3987108011	3.0418421214	29.3681880721	12.969758	15.005939	16.375916	17.524767	21.566967	23.02895	24.285503	24.794711	25.780579	12.337318	12.858676	13.268335	13.579117	13.747793	-15.660257	0.677914	
24000000	12	-4.4513725066	4.5197438555	3.7361195742	0.3997479815	3.2958580314	28.390157539	13.286994	15.218996	16.571409	17.939318	21.75915	22.972593	24.162954	24.65821	25.280191	12.173948	12.732924	13.165005	13.512365	13.700117	-14.25622	0.646417	
24100000	12	-4.3946904379	4.5261683545	4.361816223	0.4272842805	3.1475640301	27.9686427653	13.555581	15.276914	16.635846	17.832491	21.518938	22.804636	23.689298	24.481937	25.121922	12.344403	12.87844	13.442391	13.799429	13.95464	-14.144129	0.686236	
24200000	12	-4.7570831873	4.5295825449	15.4934054987	0.4926316615	3.2558611716	28.0434939819	13.26698	15.15839	16.482066	17.968394	21.574492	22.787027	23.640837	24.403384	25.128442	12.285261	12.846647	13.322566	13.60661	13.828574	-14.977838	0.669778	
24300000	12	-4.1430176129	4.6241721872	5.5079058061	0.4264805667	3.1720284376	28.3653180144	12.804975	14.727157	16.019005	17.402707	21.246119	22.735992	23.760007	24.49796	25.213177	12.042256	12.67524	13.208564	13.637453	13.830979	-13.576275	0.68624	
24400000	12	-4.7987287098	4.6890015016	7.9768565144	0.4072977988	2.8286029151	29.716867393	13.54679	15.344386	16.656537	17.867758	21.525467	22.964824	23.89939	24.807863	25.822843	12.107503	12.692752	13.056235	13.447784	13.678888	-14.721075	0.704326	
24500000	12	-4.9407833494	4.7833399339	5.9423768044	0.4104503749	2.6088350919	30.0626490083	13.333536	15.337553	16.305316	17.619665	21.123972	22.607748	23.85918	24.581064	25.598828	12.22985	12.747593	13.211974	13.516071	13.876836	-14.924292	0.704802	
24600000	11	-4.0716005082	4.5965146931	71.9609527349	0.3184713121	3.0249964289	28.4102077492	13.438982	15.125559	16.472188	17.648227	21.417611	22.574146	23.63509	24.32397	25.245109	11.977442	12.615439	13.220174	13.452545	13.821324	-14.37132	0.697808	
24700000	11	-4.2611024706	4.6110637465	75.0158407946	0.1434550778	3.0831956709	29.2956847051	13.280798	15.138617	16.485564	17.975463	21.681796	23.079275	24.207163	24.928817	25.858646	12.185788	12.858833	13.361548	13.661046	13.962029	-14.725031	0.693446	
24800000	12	-4.7822233573	4.5471086121	61.2528151587	3.9208721623	3.2598030012	27.8837963067	13.264984	14.991624	16.334677	17.950982	21.652283	22.690286	23.967997	24.345034	25.086142	12.599374	12.991059	13.614029	13.857108	14.128602	-17.221732	0.69196	
24900000	12	-4.0205472635	4.507121605	46.1376165652	1.1183764286	3.3884179725	28.254260973	13.053244	15.057575	16.440091	17.764244	21.823698	23.05836	24.080999	24.727728	25.202558	12.007392	12.744959	13.202302	13.601406	13.918358	-14.551702	0.64655	
25000000	12	-5.2810966658	4.7330006011	0.8331444485	0.3745537454	2.8272792607	29.5362116827	13.298157	14.986613	16.462068	17.510037	21.321936	22.669682	23.902957	24.701145	25.584628	12.268552	12.777081	13.131696	13.458191	13.743721	-16.331328	0.692709	
25100000	12	-4.8345026442	4.6343914996	17.4978082609	0.5140719312	3.0628505995	28.7773764487	13.352689	15.110708	16.372069	17.741355	21.564115	22.842123	23.902939	24.552323	25.369062	12.468615	12.973191	13.327923	13.784213	13.99479	-15.073344	0.638207	
25200000	12	-4.4865906479	4.5792537096	30.440917016	0.6852962822	3.0859133732	28.2964789466	13.206304	15.060837	16.540574	17.831903	21.429232	22.815952	23.794887	24.338371	25.060208	12.270001	12.866181	13.270861	13.665836	13.844852	-14.798489	0.663157	
25300000	12	-4.4664985708	4.6515057066	1.5730983644	0.3951810601	3.2471294305	28.7950062214	12.720898	14.593467	16.104022	17.510429	21.37227	22.940822	24.066873	24.872359	25.334785	12.176901	12.805537	13.238424	13.622743	13.760611	-14.416509	0.67731	
25400000	12	-4.1332591616	4.5325969351	1.6382660793	0.3881657817	3.2882120819	27.9667752859	13.086117	14.87797	16.399851	17.646904	21.495316	22.787209	23.770959	24.341177	25.056678	11.779825	12.410731	12.970623	13.307128	13.541811	-13.9221	0.692006	
25500000	12	-4.9587370211	4.6704789693	5.0799888901	0.3919981692	3.0951287018	28.7756765015	12.86061	14.97371	16.10764	17.533406	21.35157	22.672072	23.793483	24.510092	25.407184	12.019977	12.610859	12.993414	13.297718	13.556222	-15.059615	0.698587	
25600000	12	-5.2113868987	4.6415531796	1.6041602082	0.3947445263	3.0884589403	28.2503708779	13.09213	14.826555	16.259613	17.501975	21.204522	22.545709	23.569101	24.191979	25.051923	12.375286	12.915371	13.288971	13.583338	13.839161	-15.922615	0.680486	
25700000	12	-4.8319486432	4.6859199501	10.7331631872	0.443491375	2.9447586847	29.6607153668	13.45707	15.101353	16.513486	17.881351	21.685908	23.089803	24.334827	25.066211	25.917623	12.355194	12.893688	13.392397	13.669045	13.975494	-14.848851	0.683414	
25800000	12	-4.7669305524	4.6174654644	4.9106600749	0.4252187962	3.0300872322	28.4181223732	13.29534	15.15991	16.401021	17.823934	21.341657	22.638872	23.799389	24.156637	25.217521	12.450495	12.971935	13.428542	13.780337	14.007871	-14.745343	0.691762	
25900000	12	-4.8041203273	4.5705718254	9.5960637128	0.4180975323	3.1278109562	28.2335804463	13.261481	15.254538	16.536017	17.721719	21.508225	22.764169	23.623619	24.397505	25.178053	12.015404	12.51368	13.018127	13.280803	13.434277	-14.88017	0.698973	
26000000	12	-4.0960186323	4.6088926678	4.3286677417	0.4284976425	2.920916711	28.7499546982	13.550017	15.322587	16.522219	17.655634	21.414242	22.739906	23.822632	24.570933	25.452533	12.186797	12.731959	13.348905	13.728635	13.954848	-13.527303	0.695992	
26100000	12	-4.399789419	4.7131395616	1.171008263	0.4010836599	2.7787887608	29.4105379518	13.317498	15.167477	16.436532	17.607054	21.399136	22.725851	23.737697	24.592026	25.379134	12.216943	12.806053	13.29007	13.711733	13.951633	-14.384431	0.689755	
26200000	12	-4.3919355498	4.6467077693	5.6145283127	0.4020976302	2.9915634623	29.5282294741	13.399919	15.214182	16.520866	17.984731	21.633729	23.147128	24.233631	24.9392	25.952735	12.017167	12.613778	13.152872	13.524224	13.724979	-13.972128	0.689652	
26300000	12	-4.4016818584	4.6284109341	2.7883980961	0.3914572461	3.136016027	28.5919870686	13.031678	14.802713	16.28018	17.443273	21.387859	22.645061	23.954281	24.580465	25.244338	11.932178	12.598697	13.086075	13.429817	13.686063	-14.114175	0.69014	
26400000	12	-4.5589082762	4.6307584179	16.7689208755	0.4937745092	3.1729707668	28.8557906814	12.899361	14.829924	16.329997	17.770877	21.4682	22.91069	23.993589	24.734646	25.445919	12.131642	12.841104	13.336577	13.576851	13.869551	-14.510503	0.688987	
26500000	12	-3.9625315679	4.5198951489	27.5372445271	0.6040164928	3.1792490099	28.4089251812	13.368718	15.287384	16.617922	17.908694	21.732401	23.037764	24.088613	24.546268	25.339409	11.762629	12.421499	12.976358	13.345413	13.634749	-13.833433	0.684493	
26600000	12	-4.5857201893	4.5537006243	1.8477513968	0.3975344894	3.2467112962	27.9745006162	13.117469	15.051637	16.366385	17.906197	21.358296	22.654127	23.709468	24.220746	24.996539	12.164796	12.794886	13.236495	13.497859	13.68792	-14.676904	0.668536	
26700000	12	-5.9487001222	4.5403660636	21.0324570386	0.5392735096	3.2784362059	27.9079590433	13.273041	15.357051	16.494046	17.978709	21.726329	22.732766	23.769157	24.374204	25.078867	12.632688	13.024984	13.315618	13.624704	13.846284	-17.756859	0.687684	
26800000	12	-4.2762346479	4.6503188244	1.2675425723	0.3972059952	3.0777926568	29.1261066942	12.986638	14.970496	16.22849	17.661549	21.416064	22.829136	24.083243	24.801919	25.671812	12.150088	12.820901	13.32112	13.688407	13.922756	-14.173904	0.701082	
26900000	12	-4.2813055229	4.4513107422	3.4861961554	0.4105499201	3.3291322163	28.0520856383	13.480683	15.427254	16.785948	18.253304	21.791465	23.024954	24.157157	24.542296	25.177313	12.235405	12.782748	13.33669	13.680226	13.906181	-14.043694	0.70412	
27000000	12	-4.356049302	4.5611095998	22.90789073	0.5624775037	3.2056378257	28.2115990764	13.229326	15.074103	16.452796	17.629433	21.374103	22.646684	23.840835	24.506786	25.200737	12.041787	12.61218	13.224683	13.493928	13.698117	-14.365956	0.694046	
27100000	12	-5.604708705	4.5090324826	29.3353431372	0.6057728927	3.3164460883	27.7501586465	13.204134	15.148382	16.546418	17.746956	21.352218	22.72695	23.360212	24.388756	24.910913	12.468326	12.792404	13.13354	13.342586	13.578255	-17.154432	0.692411	
27200000	12	-4.6699761545	4.5954314263	48.6508384534	0.9822551013	3.1667940713	28.6571296959	13.219923	14.94021	16.447593	17.651915	21.574057	22.939981	23.931758	24.662142	25.52325	12.013637	12.561926	13.007647	13.347657	13.585763	-15.587495	0.654277	
27300000	11	-5.3050932539	4.6524817133	76.2445468567	0.5626894444	3.0394984857	28.4824987263	13.070293	14.923664	16.142048	17.482674	21.211367	22.469353	23.48603	24.546963	25.178974	12.228045	12.760078	13.103509	13.470234	13.710378	-16.916027	0.703533	
27400000	11	-4.2516465243	4.5528462079	74.2982053173	0.0107334104	3.0995388137	28.4836882385	13.475803	15.34045	16.762627	17.902641	21.477267	22.848111	23.808117	24.515029	25.36742	12.0115	12.727574	13.14952	13.390866	13.639724	-16.560606	0.702088	
27500000	11	-3.9836728397	4.4974532136	69.952219864	3.6970136596	3.3812631493	28.1830839054	13.156827	15.075608	16.424543	17.941271	21.715476	23.020796	24.16977	24.662249	25.198289	12.096407	12.872343	13.281841	13.672802	13.971527	-15.846419	0.628699	
27600000	12	-4.0398765232	4.4680892083	55.5120676978	1.7512013292	3.1504705385	28.3356306441	13.788786	15.610264	16.915958	18.174741	21.804814	23.265457	24.079445	24.71025	25.471835	12.179594	12.72417	13.24347	13.520783	13.872673	-15.076506	0.696879	
27700000	12	-4.859726033	4.5718118747	2.3321510974	0.3802454392	3.0998860025	28.5116177243	13.443496	15.185855	16.627265	17.911793	21.522161	22.75615	23.982945	24.549999	25.230262	12.160916	12.595458	13.053824	13.320512	13.460261	-15.097939	0.677185	
27800000	12	-4.7864033878	4.6482685426	1.52647435	0.3903279659	3.0770031963	29.4982692955	13.281862	15.036606	16.545131	17.842293	21.712976	23.245542	24.298646	25.17037	25.908952	12.432435	12.907352	13.378462	13.780414	13.974526	-15.040599	0.703357	
27900000	12	-4.0954741273	4.6238741184	7.0491750667	0.4289329794	3.0682059623	29.0721269535	13.225535	14.931583	16.489592	17.710134	21.664195	23.04408	24.085659	24.917998	25.804126	11.887778	12.705888	13.079548	13.587322	13.872664	-13.488473	0.693267	
28000000	12	-3.8841555536	4.575057771	4.7755618287	0.4257179805	2.969649476	28.5473073913	13.584158	15.204415	16.504976	17.885521	21.459581	22.79164	23.816938	24.462552	25.342083	11.867799	12.541283	13.122366	13.550625	13.93192	-13.198014	0.678622	
28100000	12	-5.949660049	4.6790995859	16.2620323997	0.4224867102	3.118507137	29.4869145489	13.05635	14.965144	16.276698	17.562105	21.673228	22.956348	24.025081	24.774488	25.778753	12.055703	12.454551	12.864394	13.045547	13.284873	-17.449761	0.691333	
28200000	12	-5.1570562085	4.6534275767	1.0439783859	0.3500134754	3.0915779806	29.3486415204	13.050484	14.924288	16.37585	17.801172	21.615213	23.007998	24.088778	24.784555	25.639838	11.915987	12.452411	12.814605	13.125692	13.252442	-15.979363	0.701295	
28300000	12	-4.6242345537	4.7696854164	10.8865765524	0.4367324314	2.5534163321	30.3202935372	13.718759	15.296005	16.561148	17.774903	21.35445	22.778875	23.951401	24.757515	25.621882	12.062226	12.683907	13.147095	13.522622	13.836013	-14.366243	0.683513	
28400000	12	-4.4042610008	4.5457836458	5.5644814639	0.4094477296	3.1878114139	28.1116711006	13.168921	15.28585	16.579299	17.697164	21.561171	22.775856	23.645772	24.312155	25.031436	12.030511	12.576184	13.083328	13.364818	13.582288	-14.109586	0.70267	
28500000	12	-4.1673311986	4.6676195739	30.2939458395	0.678230157	2.8357592467	29.2293114117	13.399471	15.171392	16.491273	17.70495	21.338314	22.797189	23.956853	24.616015	25.528024	12.136549	12.678955	13.336332	13.699219	14.053926	-14.125179	0.703841	
28600000	11	-3.6678966533	4.5851131008	68.4570074872	0.3893187218	3.1084189118	28.6188640461	13.060358	14.879116	16.242491	17.637028	21.366762	23.002485	23.887048	24.913898	25.265011	11.934055	12.715675	13.325509	13.930039	14.233924	-13.727498	0.696444	
28700000	11	-4.0792018916	4.6531511265	73.0535343293	0.1838102812	2.9902287982	29.151247951	13.107901	15.018053	16.394524	17.575166	21.383603	23.059996	24.117692	24.800395	25.643446	12.043567	12.729226	13.402291	13.786367	13.977611	-14.319048	0.686619	
28800000	11	-4.5698218996	4.7611477335	76.4362937652	0.7370835351	2.7746227227	29.6417116251	13.101229	14.809072	16.088098	17.603901	21.270532	22.641217	23.850937	24.649137	25.663135	12.169357	12.786264	13.248029	13.626844	13.97826	-15.419234	0.691884	
28900000	12	-4.2937704835	4.5444238059	55.3613487039	1.3875987821	3.2456129076	28.5678040586	13.212768	15.21842	16.614804	17.732658	21.721103	22.980134	23.961482	24.782883	25.414501	11.914359	12.552096	13.029965	13.390884	13.630135	-15.251927	0.701456	
29000000	12	-4.4546529244	4.6169052999	65.5481909572	2.2274803157	2.9673436272	28.9654022058	13.370299	15.203694	16.509143	17.813099	21.513766	22.934521	24.02251	24.817467	25.561127	11.833209	12.514895	13.03124	13.270367	13.520321	-15.981382	0.68216	
29100000	12	-3.8588165087	4.5836345968	49.7879759709	1.277714464	3.1003315467	28.3072352059	13.049537	14.92582	16.232848	17.473252	21.342222	22.661094	23.727873	24.514545	25.126885	11.815411	12.459276	12.978921	13.417217	13.71351	-14.346822	0.703591	
29200000	12	-4.0451412376	4.5881314279	37.5394781575	0.771840975	3.1973964818	29.0276399843	12.982346	15.069766	16.295529	17.67062	21.681181	23.093868	24.210197	25.116584	25.791267	12.045403	12.689739	13.217998	13.599311	13.856375	-14.167747	0.701345	
29300000	12	-4.4580290454	4.5102428915	30.7755957431	0.6464487319	3.313666642	27.9280880528	13.142002	14.977905	16.517477	17.979548	21.542276	22.708973	23.80401	24.319749	25.047758	12.09075	12.634375	13.046664	13.393961	13.575163	-14.800079	0.693249	
29400000	12	-4.8802230818	4.602256011	27.684897059	0.5716671031	3.1431408057	29.0042948884	13.346726	15.144545	16.535453	17.895062	21.654321	22.997808	24.056733	24.769124	25.723679	12.205021	12.795021	13.228777	13.50037	13.669106	-15.415626	0.659857	
29500000	12	-4.7192916171	4.6074223832	3.4350902353	0.3956963004	3.11576926	29.0279646459	13.164531	15.191759	16.526489	17.900801	21.57452	23.085213	24.166138	24.817103	25.615211	12.224982	12.763197	13.186787	13.610564	13.841783	-14.687088	0.679175	
29600000	12	-3.9740020768	4.682752075	0.6134371392	0.3880102251	2.8659280837	29.4960709049	13.321001	14.867978	16.267964	17.708975	21.44898	22.883211	23.844392	25.021577	25.523998	11.792301	12.403683	13.023736	13.486203	13.771944	-14.078673	0.688833	
29700000	12	-5.0344340982	4.624557453	0.7690162664	0.3613118502	3.2465363195	29.4243891377	13.001075	14.971587	16.581187	17.967039	21.933207	23.35365	24.354748	25.026257	25.837131	12.140593	12.689679	13.064186	13.351519	13.576699	-15.943388	0.700946	
29800000	12	-4.1083608688	4.4592701602	0.3866898333	0.3957624563	3.1996313098	27.7532160875	13.487994	15.443405	16.718549	18.066543	21.559815	22.841399	23.637416	24.178986	24.951895	12.117203	12.615093	13.199331	13.468808	13.703583	-14.928465	0.698382	
29900000	12	-5.6375545814	4.619561558	20.6888991655	0.5352908016	3.0676219046	28.6265329445	13.397394	15.23976	16.563809	17.949293	21.552956	22.830943	24.027874	24.572354	25.484898	12.602725	13.087544	13.435673	13.765722	13.902908	-16.911946	0.695525	
30000000	12	-4.2311366533	4.6238609727	22.2455871732	0.5478654623	2.8984058998	28.8064025101	13.561018	15.270904	16.416895	17.713214	21.365564	22.755728	23.715201	24.557636	25.140191	11.96656	12.594071	13.129955	13.417556	13.765502	-14.054352	0.634834	
